Top 20 Sort By Count
Count    Total       Mean     Stddev     Min   P50.0   P90.0   P95.0   P99.0     Max  2xx  3xx  4xx  5xx  Request
   27  143.160   5.302222   4.036160   0.001   5.237  10.734  10.928  12.719  12.719   20    7    0    0  GET / HTTP/1.1
   13   33.412   2.570154   3.107016   0.001   0.034   5.255  10.055  10.055  10.055    0   13    0    0  POST /login HTTP/1.1
   13   23.189   1.783769   3.281465   0.000   0.007   8.825   8.827   8.827   8.827   13    0    0    0  GET /login HTTP/1.1
    8   38.769   4.846125   4.119220   0.022   5.087  11.854  11.854  11.854  11.854    8    0    0    0  GET /friends HTTP/1.1
    5   19.726   3.945200   3.788398   0.145   2.181   9.787   9.787   9.787   9.787    5    0    0    0  GET /footprints HTTP/1.1
    4    0.001   0.000250   0.000433   0.000   0.000   0.001   0.001   0.001   0.001    0    4    0    0  GET /logout HTTP/1.1
    3    0.020   0.006667   0.002055   0.004   0.007   0.009   0.009   0.009   0.009    2    0    1    0  GET /diary/entry/500039 HTTP/1.1
    3    0.050   0.016667   0.002625   0.013   0.018   0.019   0.019   0.019   0.019    3    0    0    0  GET /diary/entries/nat4887 HTTP/1.1
    2    6.359   3.179500   3.044500   0.135   6.224   6.224   6.224   6.224   6.224    2    0    0    0  GET /diary/entries/jacquelyn_mcglynn939 HTTP/1.1
    2    0.474   0.237000   0.226000   0.011   0.463   0.463   0.463   0.463   0.463    2    0    0    0  GET /diary/entries/darrin974 HTTP/1.1
    2   11.697   5.848500   5.562500   0.286  11.411  11.411  11.411  11.411  11.411    2    0    0    0  GET /diary/entries/kadin4205 HTTP/1.1
    2   10.252   5.126000   0.139000   4.987   5.265   5.265   5.265   5.265   5.265    2    0    0    0  GET /diary/entries/nelson_oconner3115 HTTP/1.1
    2    0.023   0.011500   0.001500   0.010   0.013   0.013   0.013   0.013   0.013    2    0    0    0  GET /profile/nat4887 HTTP/1.1
    1    0.013   0.013000   0.000000   0.013   0.013   0.013   0.013   0.013   0.013    0    1    0    0  POST /friends/cordell_ledner2020 HTTP/1.1
    1    5.256   5.256000   0.000000   5.256   5.256   5.256   5.256   5.256   5.256    1    0    0    0  GET /profile/kadin4205 HTTP/1.1
    1    5.029   5.029000   0.000000   5.029   5.029   5.029   5.029   5.029   5.029    1    0    0    0  GET /profile/nelson_oconner3115 HTTP/1.1
    1    6.082   6.082000   0.000000   6.082   6.082   6.082   6.082   6.082   6.082    1    0    0    0  GET /profile/jacquelyn_mcglynn939 HTTP/1.1
    1   11.389  11.389000   0.000000  11.389  11.389  11.389  11.389  11.389  11.389    1    0    0    0  GET /diary/entry/497160 HTTP/1.1
    1    0.768   0.768000   0.000000   0.768   0.768   0.768   0.768   0.768   0.768    0    1    0    0  POST /diary/comment/497160 HTTP/1.1
    1    0.126   0.126000   0.000000   0.126   0.126   0.126   0.126   0.126   0.126    1    0    0    0  GET /diary/entry/492562 HTTP/1.1

Top 20 Sort By Total
Count    Total       Mean     Stddev     Min   P50.0   P90.0   P95.0   P99.0     Max  2xx  3xx  4xx  5xx  Request
   27  143.160   5.302222   4.036160   0.001   5.237  10.734  10.928  12.719  12.719   20    7    0    0  GET / HTTP/1.1
    8   38.769   4.846125   4.119220   0.022   5.087  11.854  11.854  11.854  11.854    8    0    0    0  GET /friends HTTP/1.1
   13   33.412   2.570154   3.107016   0.001   0.034   5.255  10.055  10.055  10.055    0   13    0    0  POST /login HTTP/1.1
   13   23.189   1.783769   3.281465   0.000   0.007   8.825   8.827   8.827   8.827   13    0    0    0  GET /login HTTP/1.1
    5   19.726   3.945200   3.788398   0.145   2.181   9.787   9.787   9.787   9.787    5    0    0    0  GET /footprints HTTP/1.1
    2   11.697   5.848500   5.562500   0.286  11.411  11.411  11.411  11.411  11.411    2    0    0    0  GET /diary/entries/kadin4205 HTTP/1.1
    1   11.389  11.389000   0.000000  11.389  11.389  11.389  11.389  11.389  11.389    1    0    0    0  GET /diary/entry/497160 HTTP/1.1
    2   10.252   5.126000   0.139000   4.987   5.265   5.265   5.265   5.265   5.265    2    0    0    0  GET /diary/entries/nelson_oconner3115 HTTP/1.1
    2    6.359   3.179500   3.044500   0.135   6.224   6.224   6.224   6.224   6.224    2    0    0    0  GET /diary/entries/jacquelyn_mcglynn939 HTTP/1.1
    1    6.082   6.082000   0.000000   6.082   6.082   6.082   6.082   6.082   6.082    1    0    0    0  GET /profile/jacquelyn_mcglynn939 HTTP/1.1
    1    5.256   5.256000   0.000000   5.256   5.256   5.256   5.256   5.256   5.256    1    0    0    0  GET /profile/kadin4205 HTTP/1.1
    1    5.029   5.029000   0.000000   5.029   5.029   5.029   5.029   5.029   5.029    1    0    0    0  GET /profile/nelson_oconner3115 HTTP/1.1
    1    1.435   1.435000   0.000000   1.435   1.435   1.435   1.435   1.435   1.435    1    0    0    0  GET /profile/darrin974 HTTP/1.1
    1    0.768   0.768000   0.000000   0.768   0.768   0.768   0.768   0.768   0.768    0    1    0    0  POST /diary/comment/497160 HTTP/1.1
    1    0.754   0.754000   0.000000   0.754   0.754   0.754   0.754   0.754   0.754    1    0    0    0  GET /diary/entry/483860 HTTP/1.1
    2    0.474   0.237000   0.226000   0.011   0.463   0.463   0.463   0.463   0.463    2    0    0    0  GET /diary/entries/darrin974 HTTP/1.1
    1    0.463   0.463000   0.000000   0.463   0.463   0.463   0.463   0.463   0.463    0    1    0    0  POST /diary/comment/483860 HTTP/1.1
    1    0.438   0.438000   0.000000   0.438   0.438   0.438   0.438   0.438   0.438    0    1    0    0  POST /diary/comment/492562 HTTP/1.1
    1    0.221   0.221000   0.000000   0.221   0.221   0.221   0.221   0.221   0.221    0    1    0    0  POST /friends/matilda_hyatt254 HTTP/1.1
    1    0.126   0.126000   0.000000   0.126   0.126   0.126   0.126   0.126   0.126    1    0    0    0  GET /diary/entry/492562 HTTP/1.1

Top 20 Sort By Mean
Count    Total       Mean     Stddev     Min   P50.0   P90.0   P95.0   P99.0     Max  2xx  3xx  4xx  5xx  Request
    1   11.389  11.389000   0.000000  11.389  11.389  11.389  11.389  11.389  11.389    1    0    0    0  GET /diary/entry/497160 HTTP/1.1
    1    6.082   6.082000   0.000000   6.082   6.082   6.082   6.082   6.082   6.082    1    0    0    0  GET /profile/jacquelyn_mcglynn939 HTTP/1.1
    2   11.697   5.848500   5.562500   0.286  11.411  11.411  11.411  11.411  11.411    2    0    0    0  GET /diary/entries/kadin4205 HTTP/1.1
   27  143.160   5.302222   4.036160   0.001   5.237  10.734  10.928  12.719  12.719   20    7    0    0  GET / HTTP/1.1
    1    5.256   5.256000   0.000000   5.256   5.256   5.256   5.256   5.256   5.256    1    0    0    0  GET /profile/kadin4205 HTTP/1.1
    2   10.252   5.126000   0.139000   4.987   5.265   5.265   5.265   5.265   5.265    2    0    0    0  GET /diary/entries/nelson_oconner3115 HTTP/1.1
    1    5.029   5.029000   0.000000   5.029   5.029   5.029   5.029   5.029   5.029    1    0    0    0  GET /profile/nelson_oconner3115 HTTP/1.1
    8   38.769   4.846125   4.119220   0.022   5.087  11.854  11.854  11.854  11.854    8    0    0    0  GET /friends HTTP/1.1
    5   19.726   3.945200   3.788398   0.145   2.181   9.787   9.787   9.787   9.787    5    0    0    0  GET /footprints HTTP/1.1
    2    6.359   3.179500   3.044500   0.135   6.224   6.224   6.224   6.224   6.224    2    0    0    0  GET /diary/entries/jacquelyn_mcglynn939 HTTP/1.1
   13   33.412   2.570154   3.107016   0.001   0.034   5.255  10.055  10.055  10.055    0   13    0    0  POST /login HTTP/1.1
   13   23.189   1.783769   3.281465   0.000   0.007   8.825   8.827   8.827   8.827   13    0    0    0  GET /login HTTP/1.1
    1    1.435   1.435000   0.000000   1.435   1.435   1.435   1.435   1.435   1.435    1    0    0    0  GET /profile/darrin974 HTTP/1.1
    1    0.768   0.768000   0.000000   0.768   0.768   0.768   0.768   0.768   0.768    0    1    0    0  POST /diary/comment/497160 HTTP/1.1
    1    0.754   0.754000   0.000000   0.754   0.754   0.754   0.754   0.754   0.754    1    0    0    0  GET /diary/entry/483860 HTTP/1.1
    1    0.463   0.463000   0.000000   0.463   0.463   0.463   0.463   0.463   0.463    0    1    0    0  POST /diary/comment/483860 HTTP/1.1
    1    0.438   0.438000   0.000000   0.438   0.438   0.438   0.438   0.438   0.438    0    1    0    0  POST /diary/comment/492562 HTTP/1.1
    2    0.474   0.237000   0.226000   0.011   0.463   0.463   0.463   0.463   0.463    2    0    0    0  GET /diary/entries/darrin974 HTTP/1.1
    1    0.221   0.221000   0.000000   0.221   0.221   0.221   0.221   0.221   0.221    0    1    0    0  POST /friends/matilda_hyatt254 HTTP/1.1
    1    0.126   0.126000   0.000000   0.126   0.126   0.126   0.126   0.126   0.126    1    0    0    0  GET /diary/entry/492562 HTTP/1.1

Top 20 Sort By Standard Deviation
Count    Total       Mean     Stddev     Min   P50.0   P90.0   P95.0   P99.0     Max  2xx  3xx  4xx  5xx  Request
    2   11.697   5.848500   5.562500   0.286  11.411  11.411  11.411  11.411  11.411    2    0    0    0  GET /diary/entries/kadin4205 HTTP/1.1
    8   38.769   4.846125   4.119220   0.022   5.087  11.854  11.854  11.854  11.854    8    0    0    0  GET /friends HTTP/1.1
   27  143.160   5.302222   4.036160   0.001   5.237  10.734  10.928  12.719  12.719   20    7    0    0  GET / HTTP/1.1
    5   19.726   3.945200   3.788398   0.145   2.181   9.787   9.787   9.787   9.787    5    0    0    0  GET /footprints HTTP/1.1
   13   23.189   1.783769   3.281465   0.000   0.007   8.825   8.827   8.827   8.827   13    0    0    0  GET /login HTTP/1.1
   13   33.412   2.570154   3.107016   0.001   0.034   5.255  10.055  10.055  10.055    0   13    0    0  POST /login HTTP/1.1
    2    6.359   3.179500   3.044500   0.135   6.224   6.224   6.224   6.224   6.224    2    0    0    0  GET /diary/entries/jacquelyn_mcglynn939 HTTP/1.1
    2    0.474   0.237000   0.226000   0.011   0.463   0.463   0.463   0.463   0.463    2    0    0    0  GET /diary/entries/darrin974 HTTP/1.1
    2   10.252   5.126000   0.139000   4.987   5.265   5.265   5.265   5.265   5.265    2    0    0    0  GET /diary/entries/nelson_oconner3115 HTTP/1.1
    3    0.050   0.016667   0.002625   0.013   0.018   0.019   0.019   0.019   0.019    3    0    0    0  GET /diary/entries/nat4887 HTTP/1.1
    3    0.020   0.006667   0.002055   0.004   0.007   0.009   0.009   0.009   0.009    2    0    1    0  GET /diary/entry/500039 HTTP/1.1
    2    0.023   0.011500   0.001500   0.010   0.013   0.013   0.013   0.013   0.013    2    0    0    0  GET /profile/nat4887 HTTP/1.1
    4    0.001   0.000250   0.000433   0.000   0.000   0.001   0.001   0.001   0.001    0    4    0    0  GET /logout HTTP/1.1
    1    0.013   0.013000   0.000000   0.013   0.013   0.013   0.013   0.013   0.013    0    1    0    0  POST /friends/cordell_ledner2020 HTTP/1.1
    1    0.009   0.009000   0.000000   0.009   0.009   0.009   0.009   0.009   0.009    0    1    0    0  POST /diary/comment/495201 HTTP/1.1
    1    0.009   0.009000   0.000000   0.009   0.009   0.009   0.009   0.009   0.009    0    1    0    0  POST /profile/nat4887 HTTP/1.1
    1    0.008   0.008000   0.000000   0.008   0.008   0.008   0.008   0.008   0.008    0    1    0    0  POST /diary/entry HTTP/1.1
    1    0.002   0.002000   0.000000   0.002   0.002   0.002   0.002   0.002   0.002    1    0    0    0  GET /css/bootstrap.min.css HTTP/1.1
    1   11.389  11.389000   0.000000  11.389  11.389  11.389  11.389  11.389  11.389    1    0    0    0  GET /diary/entry/497160 HTTP/1.1
    1    0.438   0.438000   0.000000   0.438   0.438   0.438   0.438   0.438   0.438    0    1    0    0  POST /diary/comment/492562 HTTP/1.1

Top 20 Sort By Maximum(100 Percentile)
Count    Total       Mean     Stddev     Min   P50.0   P90.0   P95.0   P99.0     Max  2xx  3xx  4xx  5xx  Request
   27  143.160   5.302222   4.036160   0.001   5.237  10.734  10.928  12.719  12.719   20    7    0    0  GET / HTTP/1.1
    8   38.769   4.846125   4.119220   0.022   5.087  11.854  11.854  11.854  11.854    8    0    0    0  GET /friends HTTP/1.1
    2   11.697   5.848500   5.562500   0.286  11.411  11.411  11.411  11.411  11.411    2    0    0    0  GET /diary/entries/kadin4205 HTTP/1.1
    1   11.389  11.389000   0.000000  11.389  11.389  11.389  11.389  11.389  11.389    1    0    0    0  GET /diary/entry/497160 HTTP/1.1
   13   33.412   2.570154   3.107016   0.001   0.034   5.255  10.055  10.055  10.055    0   13    0    0  POST /login HTTP/1.1
    5   19.726   3.945200   3.788398   0.145   2.181   9.787   9.787   9.787   9.787    5    0    0    0  GET /footprints HTTP/1.1
   13   23.189   1.783769   3.281465   0.000   0.007   8.825   8.827   8.827   8.827   13    0    0    0  GET /login HTTP/1.1
    2    6.359   3.179500   3.044500   0.135   6.224   6.224   6.224   6.224   6.224    2    0    0    0  GET /diary/entries/jacquelyn_mcglynn939 HTTP/1.1
    1    6.082   6.082000   0.000000   6.082   6.082   6.082   6.082   6.082   6.082    1    0    0    0  GET /profile/jacquelyn_mcglynn939 HTTP/1.1
    2   10.252   5.126000   0.139000   4.987   5.265   5.265   5.265   5.265   5.265    2    0    0    0  GET /diary/entries/nelson_oconner3115 HTTP/1.1
    1    5.256   5.256000   0.000000   5.256   5.256   5.256   5.256   5.256   5.256    1    0    0    0  GET /profile/kadin4205 HTTP/1.1
    1    5.029   5.029000   0.000000   5.029   5.029   5.029   5.029   5.029   5.029    1    0    0    0  GET /profile/nelson_oconner3115 HTTP/1.1
    1    1.435   1.435000   0.000000   1.435   1.435   1.435   1.435   1.435   1.435    1    0    0    0  GET /profile/darrin974 HTTP/1.1
    1    0.768   0.768000   0.000000   0.768   0.768   0.768   0.768   0.768   0.768    0    1    0    0  POST /diary/comment/497160 HTTP/1.1
    1    0.754   0.754000   0.000000   0.754   0.754   0.754   0.754   0.754   0.754    1    0    0    0  GET /diary/entry/483860 HTTP/1.1
    2    0.474   0.237000   0.226000   0.011   0.463   0.463   0.463   0.463   0.463    2    0    0    0  GET /diary/entries/darrin974 HTTP/1.1
    1    0.463   0.463000   0.000000   0.463   0.463   0.463   0.463   0.463   0.463    0    1    0    0  POST /diary/comment/483860 HTTP/1.1
    1    0.438   0.438000   0.000000   0.438   0.438   0.438   0.438   0.438   0.438    0    1    0    0  POST /diary/comment/492562 HTTP/1.1
    1    0.221   0.221000   0.000000   0.221   0.221   0.221   0.221   0.221   0.221    0    1    0    0  POST /friends/matilda_hyatt254 HTTP/1.1
    1    0.126   0.126000   0.000000   0.126   0.126   0.126   0.126   0.126   0.126    1    0    0    0  GET /diary/entry/492562 HTTP/1.1

TOP 37 Slow Requests
 1  12.719  GET / HTTP/1.1
 2  11.854  GET /friends HTTP/1.1
 3  11.411  GET /diary/entries/kadin4205 HTTP/1.1
 4  11.389  GET /diary/entry/497160 HTTP/1.1
 5  10.928  GET / HTTP/1.1
 6  10.734  GET / HTTP/1.1
 7  10.063  GET / HTTP/1.1
 8  10.056  GET / HTTP/1.1
 9  10.056  GET / HTTP/1.1
10  10.055  POST /login HTTP/1.1
11  10.048  GET / HTTP/1.1
12   9.787  GET /footprints HTTP/1.1
13   8.935  GET /friends HTTP/1.1
14   8.828  GET / HTTP/1.1
15   8.827  GET /login HTTP/1.1
16   8.825  GET /login HTTP/1.1
17   7.952  GET / HTTP/1.1
18   7.198  GET /friends HTTP/1.1
19   6.972  GET /footprints HTTP/1.1
20   6.224  GET /diary/entries/jacquelyn_mcglynn939 HTTP/1.1
21   6.082  GET /profile/jacquelyn_mcglynn939 HTTP/1.1
22   6.064  GET / HTTP/1.1
23   5.947  GET / HTTP/1.1
24   5.930  GET / HTTP/1.1
25   5.884  GET / HTTP/1.1
26   5.265  GET /diary/entries/nelson_oconner3115 HTTP/1.1
27   5.256  GET /profile/kadin4205 HTTP/1.1
28   5.255  POST /login HTTP/1.1
29   5.237  GET / HTTP/1.1
30   5.087  GET /friends HTTP/1.1
31   5.070  POST /login HTTP/1.1
32   5.036  GET /friends HTTP/1.1
33   5.035  GET /login HTTP/1.1
34   5.029  POST /login HTTP/1.1
35   5.029  GET /profile/nelson_oconner3115 HTTP/1.1
36   5.010  GET / HTTP/1.1
37   4.987  GET /diary/entries/nelson_oconner3115 HTTP/1.1
